生成启动时间为 2022/3/17 22:55:31。
     1>项目“E:\c++代码学习\Project10\Project10\Project10.vcxproj”在节点 2 上(Build 个目标)。
     1>ClCompile:
         E:\vs2013\VC\bin\CL.exe /c /ZI /nologo /W3 /WX- /sdl /Od /Oy- /D _MBCS /Gm /EHsc /RTC1 /MDd /GS /fp:precise /Zc:wchar_t /Zc:forScope /Fo"Debug\\" /Fd"Debug\vc120.pdb" /Gd /TC /analyze- /errorReport:prompt game.c main.c
         main.c
     1>e:\c++代码学习\project10\project10\game.h(9): error C2065: “ROW”: 未声明的标识符
     1>e:\c++代码学习\project10\project10\game.h(9): error C2057: 应输入常量表达式
     1>e:\c++代码学习\project10\project10\game.h(9): error C2466: 不能分配常量大小为 0 的数组
     1>e:\c++代码学习\project10\project10\game.h(12): error C2065: “ROW”: 未声明的标识符
     1>e:\c++代码学习\project10\project10\game.h(12): error C2057: 应输入常量表达式
     1>e:\c++代码学习\project10\project10\game.h(12): error C2466: 不能分配常量大小为 0 的数组
     1>e:\c++代码学习\project10\project10\game.h(15): error C2065: “ROW”: 未声明的标识符
     1>e:\c++代码学习\project10\project10\game.h(15): error C2057: 应输入常量表达式
     1>e:\c++代码学习\project10\project10\game.h(15): error C2466: 不能分配常量大小为 0 的数组
     1>e:\c++代码学习\project10\project10\game.h(18): error C2065: “ROW”: 未声明的标识符
     1>e:\c++代码学习\project10\project10\game.h(18): error C2057: 应输入常量表达式
     1>e:\c++代码学习\project10\project10\game.h(18): error C2466: 不能分配常量大小为 0 的数组
     1>e:\c++代码学习\project10\project10\main.c(9): warning C4013: “system”未定义；假设外部返回 int
     1>e:\c++代码学习\project10\project10\main.c(25): error C2065: “ROW”: 未声明的标识符
     1>e:\c++代码学习\project10\project10\main.c(25): error C2057: 应输入常量表达式
     1>e:\c++代码学习\project10\project10\main.c(25): error C2466: 不能分配常量大小为 0 的数组
     1>e:\c++代码学习\project10\project10\main.c(26): error C2065: “ROW”: 未声明的标识符
     1>e:\c++代码学习\project10\project10\main.c(26): error C2057: 应输入常量表达式
     1>e:\c++代码学习\project10\project10\main.c(26): error C2466: 不能分配常量大小为 0 的数组
     1>e:\c++代码学习\project10\project10\main.c(29): error C2065: “ROW”: 未声明的标识符
     1>e:\c++代码学习\project10\project10\main.c(30): error C2065: “ROW”: 未声明的标识符
     1>e:\c++代码学习\project10\project10\main.c(34): error C2065: “ROW”: 未声明的标识符
     1>e:\c++代码学习\project10\project10\main.c(37): error C2065: “ROW”: 未声明的标识符
     1>e:\c++代码学习\project10\project10\main.c(42): error C2065: “ROW”: 未声明的标识符
     1>e:\c++代码学习\project10\project10\main.c(48): warning C4013: “srand”未定义；假设外部返回 int
     1>e:\c++代码学习\project10\project10\main.c(48): warning C4013: “time”未定义；假设外部返回 int
     1>e:\c++代码学习\project10\project10\main.c(73): warning C4013: “Sleep”未定义；假设外部返回 int
         game.c
     1>e:\c++代码学习\project10\project10\game.h(9): error C2065: “ROW”: 未声明的标识符
     1>e:\c++代码学习\project10\project10\game.h(9): error C2057: 应输入常量表达式
     1>e:\c++代码学习\project10\project10\game.h(9): error C2466: 不能分配常量大小为 0 的数组
     1>e:\c++代码学习\project10\project10\game.h(12): error C2065: “ROW”: 未声明的标识符
     1>e:\c++代码学习\project10\project10\game.h(12): error C2057: 应输入常量表达式
     1>e:\c++代码学习\project10\project10\game.h(12): error C2466: 不能分配常量大小为 0 的数组
     1>e:\c++代码学习\project10\project10\game.h(15): error C2065: “ROW”: 未声明的标识符
     1>e:\c++代码学习\project10\project10\game.h(15): error C2057: 应输入常量表达式
     1>e:\c++代码学习\project10\project10\game.h(15): error C2466: 不能分配常量大小为 0 的数组
     1>e:\c++代码学习\project10\project10\game.h(18): error C2065: “ROW”: 未声明的标识符
     1>e:\c++代码学习\project10\project10\game.h(18): error C2057: 应输入常量表达式
     1>e:\c++代码学习\project10\project10\game.h(18): error C2466: 不能分配常量大小为 0 的数组
     1>e:\c++代码学习\project10\project10\game.c(9): warning C4013: “SetConsoleTextAttribute”未定义；假设外部返回 int
     1>e:\c++代码学习\project10\project10\game.c(9): warning C4013: “GetStdHandle”未定义；假设外部返回 int
     1>e:\c++代码学习\project10\project10\game.c(9): error C2065: “STD_OUTPUT_HANDLE”: 未声明的标识符
     1>e:\c++代码学习\project10\project10\game.c(11): error C2065: “STD_OUTPUT_HANDLE”: 未声明的标识符
     1>e:\c++代码学习\project10\project10\game.c(14): error C2065: “ROW”: 未声明的标识符
     1>e:\c++代码学习\project10\project10\game.c(14): error C2057: 应输入常量表达式
     1>e:\c++代码学习\project10\project10\game.c(14): error C2466: 不能分配常量大小为 0 的数组
     1>e:\c++代码学习\project10\project10\game.c(27): error C2065: “ROW”: 未声明的标识符
     1>e:\c++代码学习\project10\project10\game.c(27): error C2057: 应输入常量表达式
     1>e:\c++代码学习\project10\project10\game.c(27): error C2466: 不能分配常量大小为 0 的数组
     1>e:\c++代码学习\project10\project10\game.c(59): error C2065: “ROW”: 未声明的标识符
     1>e:\c++代码学习\project10\project10\game.c(59): error C2057: 应输入常量表达式
     1>e:\c++代码学习\project10\project10\game.c(59): error C2466: 不能分配常量大小为 0 的数组
     1>e:\c++代码学习\project10\project10\game.c(62): error C2065: “Thunder”: 未声明的标识符
     1>e:\c++代码学习\project10\project10\game.c(65): warning C4013: “rand”未定义；假设外部返回 int
     1>e:\c++代码学习\project10\project10\game.c(76): error C2065: “ROW”: 未声明的标识符
     1>e:\c++代码学习\project10\project10\game.c(76): error C2057: 应输入常量表达式
     1>e:\c++代码学习\project10\project10\game.c(76): error C2466: 不能分配常量大小为 0 的数组
     1>e:\c++代码学习\project10\project10\game.c(87): error C2065: “ROW”: 未声明的标识符
     1>e:\c++代码学习\project10\project10\game.c(87): error C2057: 应输入常量表达式
     1>e:\c++代码学习\project10\project10\game.c(87): error C2466: 不能分配常量大小为 0 的数组
     1>e:\c++代码学习\project10\project10\game.c(93): error C2065: “Thunder”: 未声明的标识符
     1>e:\c++代码学习\project10\project10\game.c(119): error C2065: “ROW”: 未声明的标识符
     1>e:\c++代码学习\project10\project10\game.c(120): warning C4013: “Sleep”未定义；假设外部返回 int
     1>e:\c++代码学习\project10\project10\game.c(153): error C2065: “Thunder”: 未声明的标识符
     1>e:\c++代码学习\project10\project10\game.c(158): error C2065: “ROW”: 未声明的标识符
         正在生成代码...
     1>已完成生成项目“E:\c++代码学习\Project10\Project10\Project10.vcxproj”(Build 个目标)的操作 - 失败。

生成失败。

已用时间 00:00:00.36
